<?xml version="1.0" encoding="UTF-8"?>
<testng-results ignored="0" total="6" passed="6" failed="0" skipped="0">
  <reporter-output>
  </reporter-output>
  <suite started-at="2022-11-29T09:01:02 IST" name="SuiteOne" finished-at="2022-11-29T09:01:05 IST" duration-ms="3150">
    <groups>
    </groups>
    <test started-at="2022-11-29T09:01:02 IST" name="TestB" finished-at="2022-11-29T09:01:05 IST" duration-ms="3150">
      <class name="learning.Grid.ParallelExecution.SuiteOne.TestB">
        <test-method signature="testB()[pri:0, instance:learning.Grid.ParallelExecution.SuiteOne.TestB@313b2ea6]" started-at="2022-11-29T09:01:02 IST" name="testB" finished-at="2022-11-29T09:01:05 IST" duration-ms="3019" status="PASS">
          <reporter-output>
          </reporter-output>
        </test-method> <!-- testB -->
      </class> <!-- learning.Grid.ParallelExecution.SuiteOne.TestB -->
    </test> <!-- TestB -->
    <test started-at="2022-11-29T09:01:02 IST" name="TestA" finished-at="2022-11-29T09:01:05 IST" duration-ms="3150">
      <class name="learning.Grid.ParallelExecution.SuiteOne.TestA">
        <test-method signature="testA()[pri:0, instance:learning.Grid.ParallelExecution.SuiteOne.TestA@1ff4931d]" started-at="2022-11-29T09:01:02 IST" name="testA" finished-at="2022-11-29T09:01:05 IST" duration-ms="3021" status="PASS">
          <reporter-output>
          </reporter-output>
        </test-method> <!-- testA -->
      </class> <!-- learning.Grid.ParallelExecution.SuiteOne.TestA -->
    </test> <!-- TestA -->
    <test started-at="2022-11-29T09:01:02 IST" name="TestC" finished-at="2022-11-29T09:01:05 IST" duration-ms="3149">
      <class name="learning.Grid.ParallelExecution.SuiteOne.TestC">
        <test-method signature="testC()[pri:0, instance:learning.Grid.ParallelExecution.SuiteOne.TestC@3098cf3b]" started-at="2022-11-29T09:01:02 IST" name="testC" finished-at="2022-11-29T09:01:05 IST" duration-ms="3021" status="PASS">
          <reporter-output>
          </reporter-output>
        </test-method> <!-- testC -->
      </class> <!-- learning.Grid.ParallelExecution.SuiteOne.TestC -->
    </test> <!-- TestC -->
  </suite> <!-- SuiteOne -->
  <suite started-at="2022-11-29T09:01:05 IST" name="MasterSuite" finished-at="2022-11-29T09:01:05 IST" duration-ms="0">
    <groups>
    </groups>
  </suite> <!-- MasterSuite -->
  <suite started-at="2022-11-29T09:01:02 IST" name="SuiteTwo" finished-at="2022-11-29T09:01:05 IST" duration-ms="3149">
    <groups>
    </groups>
    <test started-at="2022-11-29T09:01:02 IST" name="TestD" finished-at="2022-11-29T09:01:05 IST" duration-ms="3149">
      <class name="learning.Grid.ParallelExecution.SuiteTwo.TestD">
        <test-method signature="testD()[pri:0, instance:learning.Grid.ParallelExecution.SuiteTwo.TestD@2118cddf]" started-at="2022-11-29T09:01:02 IST" name="testD" finished-at="2022-11-29T09:01:05 IST" duration-ms="3021" status="PASS">
          <reporter-output>
          </reporter-output>
        </test-method> <!-- testD -->
      </class> <!-- learning.Grid.ParallelExecution.SuiteTwo.TestD -->
    </test> <!-- TestD -->
    <test started-at="2022-11-29T09:01:02 IST" name="TestE" finished-at="2022-11-29T09:01:05 IST" duration-ms="3149">
      <class name="learning.Grid.ParallelExecution.SuiteTwo.TestE">
        <test-method signature="testE()[pri:0, instance:learning.Grid.ParallelExecution.SuiteTwo.TestE@6236eb5f]" started-at="2022-11-29T09:01:02 IST" name="testE" finished-at="2022-11-29T09:01:05 IST" duration-ms="3021" status="PASS">
          <reporter-output>
          </reporter-output>
        </test-method> <!-- testE -->
      </class> <!-- learning.Grid.ParallelExecution.SuiteTwo.TestE -->
    </test> <!-- TestE -->
    <test started-at="2022-11-29T09:01:02 IST" name="TestF" finished-at="2022-11-29T09:01:05 IST" duration-ms="3149">
      <class name="learning.Grid.ParallelExecution.SuiteTwo.TestF">
        <test-method signature="testF()[pri:0, instance:learning.Grid.ParallelExecution.SuiteTwo.TestF@2b4bac49]" started-at="2022-11-29T09:01:02 IST" name="testF" finished-at="2022-11-29T09:01:05 IST" duration-ms="3020" status="PASS">
          <reporter-output>
          </reporter-output>
        </test-method> <!-- testF -->
      </class> <!-- learning.Grid.ParallelExecution.SuiteTwo.TestF -->
    </test> <!-- TestF -->
  </suite> <!-- SuiteTwo -->
</testng-results>
